{"/Users/mkot/Documents/2020/Udacity/Front End Developer/Project 4/evaluate-news-nlp/src/client/js/formHandler.js": {"path":"/Users/mkot/Documents/2020/Udacity/Front End Developer/Project 4/evaluate-news-nlp/src/client/js/formHandler.js","statementMap":{"0":{"start":{"line":9,"column":2},"end":{"line":9,"column":25}},"1":{"start":{"line":12,"column":17},"end":{"line":12,"column":54}},"2":{"start":{"line":13,"column":24},"end":{"line":13,"column":46}},"3":{"start":{"line":14,"column":2},"end":{"line":17,"column":3}},"4":{"start":{"line":15,"column":4},"end":{"line":15,"column":18}},"5":{"start":{"line":16,"column":4},"end":{"line":16,"column":11}},"6":{"start":{"line":19,"column":28},"end":{"line":19,"column":56}},"7":{"start":{"line":20,"column":22},"end":{"line":20,"column":57}},"8":{"start":{"line":21,"column":2},"end":{"line":24,"column":3}},"9":{"start":{"line":22,"column":4},"end":{"line":22,"column":18}},"10":{"start":{"line":23,"column":4},"end":{"line":23,"column":11}},"11":{"start":{"line":26,"column":2},"end":{"line":28,"column":18}},"12":{"start":{"line":29,"column":2},"end":{"line":31,"column":54}},"13":{"start":{"line":32,"column":2},"end":{"line":34,"column":18}},"14":{"start":{"line":43,"column":2},"end":{"line":46,"column":3}},"15":{"start":{"line":44,"column":4},"end":{"line":44,"column":36}},"16":{"start":{"line":45,"column":4},"end":{"line":45,"column":17}},"17":{"start":{"line":47,"column":2},"end":{"line":50,"column":3}},"18":{"start":{"line":48,"column":4},"end":{"line":48,"column":49}},"19":{"start":{"line":49,"column":4},"end":{"line":49,"column":17}},"20":{"start":{"line":51,"column":2},"end":{"line":51,"column":14}},"21":{"start":{"line":60,"column":2},"end":{"line":67,"column":3}},"22":{"start":{"line":61,"column":4},"end":{"line":64,"column":5}},"23":{"start":{"line":62,"column":6},"end":{"line":62,"column":77}},"24":{"start":{"line":63,"column":6},"end":{"line":63,"column":19}},"25":{"start":{"line":65,"column":4},"end":{"line":65,"column":65}},"26":{"start":{"line":66,"column":4},"end":{"line":66,"column":17}},"27":{"start":{"line":68,"column":2},"end":{"line":68,"column":14}},"28":{"start":{"line":76,"column":2},"end":{"line":76,"column":57}},"29":{"start":{"line":77,"column":2},"end":{"line":77,"column":55}},"30":{"start":{"line":78,"column":2},"end":{"line":78,"column":50}}},"fnMap":{"0":{"name":"handleSubmit","decl":{"start":{"line":8,"column":15},"end":{"line":8,"column":27}},"loc":{"start":{"line":8,"column":35},"end":{"line":35,"column":1}},"line":8},"1":{"name":"validateForm","decl":{"start":{"line":42,"column":9},"end":{"line":42,"column":21}},"loc":{"start":{"line":42,"column":28},"end":{"line":52,"column":1}},"line":42},"2":{"name":"validateResponse","decl":{"start":{"line":59,"column":9},"end":{"line":59,"column":25}},"loc":{"start":{"line":59,"column":32},"end":{"line":69,"column":1}},"line":59},"3":{"name":"setDefaults","decl":{"start":{"line":75,"column":9},"end":{"line":75,"column":20}},"loc":{"start":{"line":75,"column":23},"end":{"line":79,"column":1}},"line":75}},"branchMap":{"0":{"loc":{"start":{"line":14,"column":2},"end":{"line":17,"column":3}},"type":"if","locations":[{"start":{"line":14,"column":2},"end":{"line":17,"column":3}},{"start":{"line":14,"column":2},"end":{"line":17,"column":3}}],"line":14},"1":{"loc":{"start":{"line":21,"column":2},"end":{"line":24,"column":3}},"type":"if","locations":[{"start":{"line":21,"column":2},"end":{"line":24,"column":3}},{"start":{"line":21,"column":2},"end":{"line":24,"column":3}}],"line":21},"2":{"loc":{"start":{"line":43,"column":2},"end":{"line":46,"column":3}},"type":"if","locations":[{"start":{"line":43,"column":2},"end":{"line":46,"column":3}},{"start":{"line":43,"column":2},"end":{"line":46,"column":3}}],"line":43},"3":{"loc":{"start":{"line":47,"column":2},"end":{"line":50,"column":3}},"type":"if","locations":[{"start":{"line":47,"column":2},"end":{"line":50,"column":3}},{"start":{"line":47,"column":2},"end":{"line":50,"column":3}}],"line":47},"4":{"loc":{"start":{"line":60,"column":2},"end":{"line":67,"column":3}},"type":"if","locations":[{"start":{"line":60,"column":2},"end":{"line":67,"column":3}},{"start":{"line":60,"column":2},"end":{"line":67,"column":3}}],"line":60},"5":{"loc":{"start":{"line":61,"column":4},"end":{"line":64,"column":5}},"type":"if","locations":[{"start":{"line":61,"column":4},"end":{"line":64,"column":5}},{"start":{"line":61,"column":4},"end":{"line":64,"column":5}}],"line":61}},"s":{"0":0,"1":0,"2":0,"3":0,"4":0,"5":0,"6":0,"7":0,"8":0,"9":0,"10":0,"11":0,"12":0,"13":0,"14":3,"15":0,"16":0,"17":3,"18":2,"19":2,"20":1,"21":3,"22":2,"23":1,"24":1,"25":1,"26":1,"27":1,"28":0,"29":0,"30":0},"f":{"0":0,"1":3,"2":3,"3":0},"b":{"0":[0,0],"1":[0,0],"2":[0,3],"3":[2,1],"4":[2,1],"5":[1,1]},"_coverageSchema":"1a1c01bbd47fc00a2c39e90264f33305004495a9","hash":"8c48eea6b4b2f29d5d856b968b8c374143f4f380"}
,"/Users/mkot/Documents/2020/Udacity/Front End Developer/Project 4/evaluate-news-nlp/src/client/js/nameChecker.js": {"path":"/Users/mkot/Documents/2020/Udacity/Front End Developer/Project 4/evaluate-news-nlp/src/client/js/nameChecker.js","statementMap":{"0":{"start":{"line":7,"column":2},"end":{"line":20,"column":8}},"1":{"start":{"line":14,"column":19},"end":{"line":14,"column":29}},"2":{"start":{"line":15,"column":23},"end":{"line":20,"column":5}}},"fnMap":{"0":{"name":"checkForName","decl":{"start":{"line":6,"column":15},"end":{"line":6,"column":27}},"loc":{"start":{"line":6,"column":39},"end":{"line":21,"column":1}},"line":6},"1":{"name":"(anonymous_1)","decl":{"start":{"line":14,"column":10},"end":{"line":14,"column":11}},"loc":{"start":{"line":14,"column":19},"end":{"line":14,"column":29}},"line":14},"2":{"name":"(anonymous_2)","decl":{"start":{"line":15,"column":11},"end":{"line":15,"column":12}},"loc":{"start":{"line":15,"column":23},"end":{"line":20,"column":5}},"line":15}},"branchMap":{},"s":{"0":0,"1":0,"2":0},"f":{"0":0,"1":0,"2":0},"b":{},"_coverageSchema":"1a1c01bbd47fc00a2c39e90264f33305004495a9","hash":"09575a96b8c8464f6f38b934bf16c4ea05520aa1"}
}
