TN:
SF:src/client/js/formHandler.js
FN:8,handleSubmit
FN:42,validateForm
FN:59,validateResponse
FN:75,setDefaults
FNF:4
FNH:2
FNDA:0,handleSubmit
FNDA:3,validateForm
FNDA:3,validateResponse
FNDA:0,setDefaults
DA:9,0
DA:12,0
DA:13,0
DA:14,0
DA:15,0
DA:16,0
DA:19,0
DA:20,0
DA:21,0
DA:22,0
DA:23,0
DA:26,0
DA:29,0
DA:32,0
DA:43,3
DA:44,0
DA:45,0
DA:47,3
DA:48,2
DA:49,2
DA:51,1
DA:60,3
DA:61,2
DA:62,1
DA:63,1
DA:65,1
DA:66,1
DA:68,1
DA:76,0
DA:77,0
DA:78,0
LF:31
LH:12
BRDA:14,0,0,0
BRDA:14,0,1,0
BRDA:21,1,0,0
BRDA:21,1,1,0
BRDA:43,2,0,0
BRDA:43,2,1,3
BRDA:47,3,0,2
BRDA:47,3,1,1
BRDA:60,4,0,2
BRDA:60,4,1,1
BRDA:61,5,0,1
BRDA:61,5,1,1
BRF:12
BRH:7
end_of_record
TN:
SF:src/client/js/nameChecker.js
FN:6,checkForName
FN:14,(anonymous_1)
FN:15,(anonymous_2)
FNF:3
FNH:0
FNDA:0,checkForName
FNDA:0,(anonymous_1)
FNDA:0,(anonymous_2)
DA:7,0
DA:14,0
DA:15,0
LF:3
LH:0
BRF:0
BRH:0
end_of_record
